Base path: C:/Program Files/Unity/Hub/Editor/2018.3.12f1/Editor/Data
Cmd: initializeCompiler
Cmd: compileComputeKernel
  api=4 insize=13661 outsize=95093 ok=1
Cmd: compileComputeKernel
  api=4 insize=13661 outsize=28737 ok=1
Cmd: compileComputeKernel
  api=4 insize=13661 outsize=37505 ok=1
Cmd: compileComputeKernel
  api=4 insize=13661 outsize=44177 ok=1
Cmd: compileComputeKernel
  api=4 insize=13661 outsize=31221 ok=1
Cmd: compileComputeKernel
  api=4 insize=13661 outsize=34545 ok=1
Cmd: compileComputeKernel
  api=4 insize=13661 outsize=42665 ok=1
Cmd: compileComputeKernel
  api=4 insize=13661 outsize=31081 ok=1
Cmd: compileComputeKernel
  api=4 insize=13661 outsize=59405 ok=1
Cmd: compileComputeKernel
  api=4 insize=13661 outsize=40417 ok=1
Cmd: compileComputeKernel
  api=4 insize=13661 outsize=49805 ok=1
Cmd: compileComputeKernel
  api=4 insize=13661 outsize=36561 ok=1
Cmd: compileComputeKernel
  api=4 insize=13661 outsize=32677 ok=1
Cmd: compileComputeKernel
  api=4 insize=13661 outsize=36093 ok=1
Cmd: compileComputeKernel
  api=4 insize=13661 outsize=44273 ok=1
Cmd: compileComputeKernel
  api=4 insize=13661 outsize=32549 ok=1
Cmd: compileComputeKernel
  api=4 insize=13661 outsize=60993 ok=1
Cmd: compileComputeKernel
  api=4 insize=26681 outsize=13793 ok=1
Cmd: compileComputeKernel
  api=4 insize=26681 outsize=15857 ok=1
Cmd: compileComputeKernel
  api=4 insize=26681 outsize=16041 ok=1
Cmd: compileComputeKernel
  api=4 insize=2134 outsize=349 ok=1
Cmd: compileComputeKernel
  api=4 insize=2863 outsize=48145 ok=1
Cmd: compileComputeKernel
  api=4 insize=11176 outsize=10437 ok=1
Cmd: compileComputeKernel
  api=4 insize=8005 outsize=4833 ok=1
Cmd: compileComputeKernel
  api=4 insize=5022 outsize=5397 ok=1
Cmd: compileComputeKernel
  api=4 insize=6353 outsize=1037 ok=1
Cmd: compileComputeKernel
  api=4 insize=18731 outsize=8781 ok=1
Cmd: compileComputeKernel
  api=4 insize=18731 outsize=8553 ok=1
Cmd: compileComputeKernel
  api=4 insize=18731 outsize=10549 ok=1
Cmd: compileComputeKernel
  api=4 insize=19063 outsize=14613 ok=1
Cmd: compileComputeKernel
  api=4 insize=19063 outsize=14889 ok=1
Cmd: compileComputeKernel
  api=4 insize=21751 outsize=21741 ok=1
Cmd: compileComputeKernel
  api=4 insize=1864 outsize=553 ok=1
Cmd: compileComputeKernel
  api=4 insize=20370 outsize=95037 ok=1
Cmd: compileComputeKernel
  api=4 insize=36517 outsize=33537 ok=1
Cmd: compileComputeKernel
  api=4 insize=36517 outsize=33537 ok=1
Cmd: compileComputeKernel
  api=4 insize=8350 outsize=2077 ok=1
Cmd: compileComputeKernel
  api=4 insize=17323 outsize=6877 ok=1
Cmd: compileComputeKernel
  api=4 insize=2120 outsize=1037 ok=1
Cmd: compileComputeKernel
  api=4 insize=16866 outsize=5809 ok=1
Cmd: compileComputeKernel
  api=4 insize=16866 outsize=6893 ok=1
Cmd: compileComputeKernel
  api=4 insize=16866 outsize=6625 ok=1
Cmd: compileComputeKernel
  api=4 insize=16866 outsize=6501 ok=1
Cmd: compileComputeKernel
  api=4 insize=16866 outsize=8013 ok=1
Cmd: compileComputeKernel
  api=4 insize=16866 outsize=9673 ok=1
Cmd: compileComputeKernel
  api=4 insize=16866 outsize=9301 ok=1
Cmd: compileComputeKernel
  api=4 insize=16866 outsize=6565 ok=1
Cmd: compileComputeKernel
  api=4 insize=16866 outsize=7573 ok=1
Cmd: compileComputeKernel
  api=4 insize=16866 outsize=6685 ok=1
Cmd: compileComputeKernel
  api=4 insize=16866 outsize=7381 ok=1
Cmd: compileComputeKernel
  api=4 insize=16866 outsize=8773 ok=1
Cmd: compileComputeKernel
  api=4 insize=16866 outsize=8957 ok=1
Cmd: compileComputeKernel
  api=4 insize=16866 outsize=10925 ok=1
Cmd: compileComputeKernel
  api=4 insize=16866 outsize=9789 ok=1
Cmd: compileComputeKernel
  api=4 insize=16866 outsize=11449 ok=1
Cmd: compileComputeKernel
  api=4 insize=3265 outsize=4233 ok=1
Cmd: compileComputeKernel
  api=4 insize=1192 outsize=541 ok=1
Cmd: initializeCompiler
Cmd: compileComputeKernel
  api=4 insize=9814 outsize=4065 ok=1
Cmd: compileComputeKernel
  api=4 insize=4750 outsize=2033 ok=1
Cmd: initializeCompiler
Cmd: compileComputeKernel
  api=4 insize=14379 outsize=87113 ok=1
Cmd: compileComputeKernel
  api=4 insize=14379 outsize=32189 ok=1
Cmd: compileComputeKernel
  api=4 insize=14379 outsize=56813 ok=1
Cmd: compileComputeKernel
  api=4 insize=14379 outsize=34977 ok=1
Cmd: compileComputeKernel
  api=4 insize=14379 outsize=41537 ok=1
Cmd: compileComputeKernel
  api=4 insize=14379 outsize=48469 ok=1
Cmd: compileComputeKernel
  api=4 insize=14379 outsize=34593 ok=1
Cmd: compileComputeKernel
  api=4 insize=14379 outsize=41173 ok=1
Cmd: compileComputeKernel
  api=4 insize=14379 outsize=21377 ok=1
Cmd: compileComputeKernel
  api=4 insize=14379 outsize=41761 ok=1
Cmd: compileComputeKernel
  api=4 insize=14379 outsize=58441 ok=1
Cmd: compileComputeKernel
  api=4 insize=14379 outsize=44213 ok=1
Cmd: compileComputeKernel
  api=4 insize=14379 outsize=61249 ok=1
Cmd: compileComputeKernel
  api=4 insize=14379 outsize=44153 ok=1
Cmd: compileComputeKernel
  api=4 insize=14379 outsize=88821 ok=1
Cmd: compileComputeKernel
  api=4 insize=26814 outsize=14253 ok=1
Cmd: compileComputeKernel
  api=4 insize=26814 outsize=16081 ok=1
Cmd: compileComputeKernel
  api=4 insize=26814 outsize=16285 ok=1
Cmd: compileComputeKernel
  api=4 insize=1176 outsize=781 ok=1
Cmd: compileComputeKernel
  api=4 insize=10881 outsize=10593 ok=1
Cmd: compileComputeKernel
  api=4 insize=4845 outsize=9129 ok=1
Cmd: compileComputeKernel
  api=4 insize=6353 outsize=1341 ok=1
Cmd: compileComputeKernel
  api=4 insize=18299 outsize=8681 ok=1
Cmd: compileComputeKernel
  api=4 insize=18299 outsize=10469 ok=1
Cmd: compileComputeKernel
  api=4 insize=19063 outsize=14613 ok=1
Cmd: compileComputeKernel
  api=4 insize=19063 outsize=15261 ok=1
Cmd: compileComputeKernel
  api=4 insize=21751 outsize=21741 ok=1
Cmd: compileComputeKernel
  api=4 insize=2867 outsize=353 ok=1
Cmd: compileComputeKernel
  api=4 insize=20454 outsize=95033 ok=1
Cmd: compileComputeKernel
  api=4 insize=34758 outsize=33693 ok=1
Cmd: compileComputeKernel
  api=4 insize=34758 outsize=35261 ok=1
Cmd: compileComputeKernel
  api=4 insize=34758 outsize=33693 ok=1
Cmd: compileComputeKernel
  api=4 insize=34758 outsize=35261 ok=1
Cmd: compileComputeKernel
  api=4 insize=16360 outsize=7029 ok=1
Cmd: compileComputeKernel
  api=4 insize=13916 outsize=2265 ok=1
Cmd: compileComputeKernel
  api=4 insize=2044 outsize=1037 ok=1
Cmd: compileComputeKernel
  api=4 insize=3506 outsize=1685 ok=1
Cmd: compileComputeKernel
  api=4 insize=16866 outsize=5425 ok=1
Cmd: compileComputeKernel
  api=4 insize=16866 outsize=6817 ok=1
Cmd: compileComputeKernel
  api=4 insize=16866 outsize=6313 ok=1
Cmd: compileComputeKernel
  api=4 insize=16866 outsize=7397 ok=1
Cmd: compileComputeKernel
  api=4 insize=16866 outsize=8469 ok=1
Cmd: compileComputeKernel
  api=4 insize=16866 outsize=6805 ok=1
Cmd: compileComputeKernel
  api=4 insize=16866 outsize=7789 ok=1
Cmd: compileComputeKernel
  api=4 insize=16866 outsize=9757 ok=1
Cmd: compileComputeKernel
  api=4 insize=16866 outsize=7261 ok=1
Cmd: compileComputeKernel
  api=4 insize=16866 outsize=8269 ok=1
Cmd: compileComputeKernel
  api=4 insize=16866 outsize=7765 ok=1
Cmd: compileComputeKernel
  api=4 insize=16866 outsize=8849 ok=1
Cmd: compileComputeKernel
  api=4 insize=16866 outsize=9941 ok=1
Cmd: compileComputeKernel
  api=4 insize=16866 outsize=8277 ok=1
Cmd: compileComputeKernel
  api=4 insize=16866 outsize=9261 ok=1
Cmd: compileComputeKernel
  api=4 insize=16866 outsize=11229 ok=1
Cmd: compileComputeKernel
  api=4 insize=3539 outsize=1545 ok=1
Cmd: compileComputeKernel
  api=4 insize=4165 outsize=1713 ok=1
Cmd: compileComputeKernel
  error: 1 plat 4 at SmokeEffect.vfx(58): comma expression used where a vector constructor may have been intended
  api=4 insize=5795 outsize=9077 ok=1
Cmd: initializeCompiler
Cmd: initializeCompiler
Cmd: initializeCompiler
Cmd: initializeCompiler
Cmd: initializeCompiler
Cmd: initializeCompiler
Cmd: initializeCompiler
Cmd: initializeCompiler
Cmd: initializeCompiler
Cmd: initializeCompiler
Cmd: initializeCompiler
Cmd: initializeCompiler
Cmd: initializeCompiler
Cmd: initializeCompiler
Cmd: initializeCompiler
Cmd: initializeCompiler
Cmd: initializeCompiler
Cmd: initializeCompiler
Cmd: initializeCompiler
Cmd: initializeCompiler
Cmd: initializeCompiler
Cmd: initializeCompiler
Cmd: initializeCompiler
Cmd: initializeCompiler
Cmd: initializeCompiler
Cmd: initializeCompiler
Cmd: initializeCompiler
Cmd: initializeCompiler
Cmd: initializeCompiler
Cmd: initializeCompiler
Cmd: initializeCompiler
Cmd: initializeCompiler
Cmd: initializeCompiler
